2021-08-22 09:43:58.808  INFO 4816 --- [http-nio-8889-exec-9] c.c.p.c.shiro.CustomAccessControlFilter  : GET
2021-08-22 09:43:58.809  INFO 4816 --- [http-nio-8889-exec-9] c.c.p.c.shiro.CustomAccessControlFilter  : http://192.168.2.3:8889/login
2021-08-22 09:50:11.470  INFO 4816 --- [Thread-60] org.quartz.core.QuartzScheduler          : Scheduler quartzScheduler_$_NON_CLUSTERED paused.
2021-08-22 09:50:11.475  INFO 4816 --- [Thread-60] o.s.s.quartz.SchedulerFactoryBean        : Shutting down Quartz Scheduler
2021-08-22 09:50:11.475  INFO 4816 --- [Thread-60] org.quartz.core.QuartzScheduler          : Scheduler quartzScheduler_$_NON_CLUSTERED shutting down.
2021-08-22 09:50:11.475  INFO 4816 --- [Thread-60] org.quartz.core.QuartzScheduler          : Scheduler quartzScheduler_$_NON_CLUSTERED paused.
2021-08-22 09:50:11.475  INFO 4816 --- [Thread-60] org.quartz.core.QuartzScheduler          : Scheduler quartzScheduler_$_NON_CLUSTERED shutdown complete.
2021-08-22 09:50:11.478  INFO 4816 --- [Thread-60] c.b.d.d.DynamicRoutingDataSource         : closing dynamicDatasource  ing....
2021-08-22 09:50:11.483  INFO 4816 --- [Thread-60] com.alibaba.druid.pool.DruidDataSource   : {dataSource-7} closed
2021-08-22 09:50:11.484  INFO 4816 --- [Thread-60] com.alibaba.druid.pool.DruidDataSource   : {dataSource-8} closed
2021-08-22 09:50:11.485  INFO 4816 --- [Thread-60] com.alibaba.druid.pool.DruidDataSource   : {dataSource-9} closed
2021-08-22 09:50:15.885  INFO 4816 --- [restartedMain] c.c.project.CompanyProjectApplication    : Starting CompanyProjectApplication on DESKTOP-TIPNUSN with PID 4816 (C:\JetBrains\CodeSpace\springboot-manager\target\classes started by Surface-Go-Desk001 in C:\JetBrains\CodeSpace\springboot-manager)
2021-08-22 09:50:15.886  INFO 4816 --- [restartedMain] c.c.project.CompanyProjectApplication    : The following profiles are active: prod
2021-08-22 09:50:23.212  WARN 4816 --- [restartedMain] o.m.s.mapper.ClassPathMapperScanner      : No MyBatis mapper was found in '[com.company.project]' package. Please check your configuration.
2021-08-22 09:50:23.409  INFO 4816 --- [restartedMain] .s.d.r.c.RepositoryConfigurationDelegate : Multiple Spring Data modules found, entering strict repository configuration mode!
2021-08-22 09:50:23.409  INFO 4816 --- [restartedMain] .s.d.r.c.RepositoryConfigurationDelegate : Bootstrapping Spring Data repositories in DEFAULT mode.
2021-08-22 09:50:23.748  INFO 4816 --- [restartedMain] .s.d.r.c.RepositoryConfigurationDelegate : Finished Spring Data repository scanning in 338ms. Found 0 repository interfaces.
2021-08-22 09:50:24.459 ERROR 4816 --- [restartedMain] o.s.boot.SpringApplication               : Application run failed

java.lang.IllegalStateException: Error processing condition on org.springframework.boot.devtools.autoconfigure.DevToolsDataSourceAutoConfiguration
	at org.springframework.boot.autoconfigure.condition.SpringBootCondition.matches(SpringBootCondition.java:59)
	at org.springframework.context.annotation.ConditionEvaluator.shouldSkip(ConditionEvaluator.java:108)
	at org.springframework.context.annotation.ConfigurationClassBeanDefinitionReader$TrackedConditionEvaluator.shouldSkip(ConfigurationClassBeanDefinitionReader.java:447)
	at org.springframework.context.annotation.ConfigurationClassBeanDefinitionReader.loadBeanDefinitionsForConfigurationClass(ConfigurationClassBeanDefinitionReader.java:128)
	at org.springframework.context.annotation.ConfigurationClassBeanDefinitionReader.loadBeanDefinitions(ConfigurationClassBeanDefinitionReader.java:117)
	at org.springframework.context.annotation.ConfigurationClassPostProcessor.processConfigBeanDefinitions(ConfigurationClassPostProcessor.java:327)
	at org.springframework.context.annotation.ConfigurationClassPostProcessor.postProcessBeanDefinitionRegistry(ConfigurationClassPostProcessor.java:232)
	at org.springframework.context.support.PostProcessorRegistrationDelegate.invokeBeanDefinitionRegistryPostProcessors(PostProcessorRegistrationDelegate.java:275)
	at org.springframework.context.support.PostProcessorRegistrationDelegate.invokeBeanFactoryPostProcessors(PostProcessorRegistrationDelegate.java:95)
	at org.springframework.context.support.AbstractApplicationContext.invokeBeanFactoryPostProcessors(AbstractApplicationContext.java:705)
	at org.springframework.context.support.AbstractApplicationContext.refresh(AbstractApplicationContext.java:531)
	at org.springframework.boot.web.servlet.context.ServletWebServerApplicationContext.refresh(ServletWebServerApplicationContext.java:140)
	at org.springframework.boot.SpringApplication.refresh(SpringApplication.java:742)
	at org.springframework.boot.SpringApplication.refreshContext(SpringApplication.java:389)
	at org.springframework.boot.SpringApplication.run(SpringApplication.java:311)
	at org.springframework.boot.SpringApplication.run(SpringApplication.java:1213)
	at org.springframework.boot.SpringApplication.run(SpringApplication.java:1202)
	at com.company.project.CompanyProjectApplication.main(CompanyProjectApplication.java:19)
	at sun.reflect.NativeMethodAccessorImpl.invoke0(Native Method)
	at sun.reflect.NativeMethodAccessorImpl.invoke(NativeMethodAccessorImpl.java:62)
	at sun.reflect.DelegatingMethodAccessorImpl.invoke(DelegatingMethodAccessorImpl.java:43)
	at java.lang.reflect.Method.invoke(Method.java:498)
	at org.springframework.boot.devtools.restart.RestartLauncher.run(RestartLauncher.java:49)
Caused by: org.springframework.beans.factory.CannotLoadBeanClassException: Cannot find class [com.company.project.controller.IndexController] for bean with name 'indexController' defined in file [C:\JetBrains\CodeSpace\springboot-manager\target\classes\com\company\project\controller\IndexController.class]; nested exception is java.lang.ClassNotFoundException: com.company.project.controller.IndexController
	at org.springframework.beans.factory.support.AbstractBeanFactory.resolveBeanClass(AbstractBeanFactory.java:1392)
	at org.springframework.beans.factory.support.AbstractAutowireCapableBeanFactory.determineTargetType(AbstractAutowireCapableBeanFactory.java:680)
	at org.springframework.beans.factory.support.AbstractAutowireCapableBeanFactory.predictBeanType(AbstractAutowireCapableBeanFactory.java:647)
	at org.springframework.beans.factory.support.AbstractBeanFactory.isFactoryBean(AbstractBeanFactory.java:1518)
	at org.springframework.beans.factory.support.DefaultListableBeanFactory.doGetBeanNamesForType(DefaultListableBeanFactory.java:511)
	at org.springframework.beans.factory.support.DefaultListableBeanFactory.getBeanNamesForType(DefaultListableBeanFactory.java:481)
	at org.springframework.beans.factory.support.DefaultListableBeanFactory.getBeanNamesForType(DefaultListableBeanFactory.java:475)
	at org.springframework.boot.devtools.autoconfigure.DevToolsDataSourceAutoConfiguration$DevToolsDataSourceCondition.getMatchOutcome(DevToolsDataSourceAutoConfiguration.java:181)
	at org.springframework.boot.autoconfigure.condition.SpringBootCondition.matches(SpringBootCondition.java:46)
	... 22 common frames omitted
Caused by: java.lang.ClassNotFoundException: com.company.project.controller.IndexController
	at java.net.URLClassLoader.findClass(URLClassLoader.java:382)
	at java.lang.ClassLoader.loadClass(ClassLoader.java:424)
	at sun.misc.Launcher$AppClassLoader.loadClass(Launcher.java:349)
	at java.lang.ClassLoader.loadClass(ClassLoader.java:357)
	at org.springframework.boot.devtools.restart.classloader.RestartClassLoader.loadClass(RestartClassLoader.java:144)
	at java.lang.ClassLoader.loadClass(ClassLoader.java:357)
	at java.lang.Class.forName0(Native Method)
	at java.lang.Class.forName(Class.java:348)
	at org.springframework.util.ClassUtils.forName(ClassUtils.java:275)
	at org.springframework.beans.factory.support.AbstractBeanDefinition.resolveBeanClass(AbstractBeanDefinition.java:444)
	at org.springframework.beans.factory.support.AbstractBeanFactory.doResolveBeanClass(AbstractBeanFactory.java:1457)
	at org.springframework.beans.factory.support.AbstractBeanFactory.resolveBeanClass(AbstractBeanFactory.java:1384)
	... 30 common frames omitted

2021-08-22 09:50:24.484  WARN 4816 --- [restartedMain] o.s.boot.SpringApplication               : Unable to close ApplicationContext

org.springframework.beans.factory.CannotLoadBeanClassException: Cannot find class [com.company.project.controller.IndexController] for bean with name 'indexController' defined in file [C:\JetBrains\CodeSpace\springboot-manager\target\classes\com\company\project\controller\IndexController.class]; nested exception is java.lang.ClassNotFoundException: com.company.project.controller.IndexController
	at org.springframework.beans.factory.support.AbstractBeanFactory.resolveBeanClass(AbstractBeanFactory.java:1392)
	at org.springframework.beans.factory.support.AbstractAutowireCapableBeanFactory.determineTargetType(AbstractAutowireCapableBeanFactory.java:680)
	at org.springframework.beans.factory.support.AbstractAutowireCapableBeanFactory.predictBeanType(AbstractAutowireCapableBeanFactory.java:647)
	at org.springframework.beans.factory.support.AbstractBeanFactory.isFactoryBean(AbstractBeanFactory.java:1518)
	at org.springframework.beans.factory.support.DefaultListableBeanFactory.doGetBeanNamesForType(DefaultListableBeanFactory.java:511)
	at org.springframework.beans.factory.support.DefaultListableBeanFactory.getBeanNamesForType(DefaultListableBeanFactory.java:481)
	at org.springframework.beans.factory.support.DefaultListableBeanFactory.getBeansOfType(DefaultListableBeanFactory.java:602)
	at org.springframework.beans.factory.support.DefaultListableBeanFactory.getBeansOfType(DefaultListableBeanFactory.java:594)
	at org.springframework.context.support.AbstractApplicationContext.getBeansOfType(AbstractApplicationContext.java:1226)
	at org.springframework.boot.SpringApplication.getExitCodeFromMappedException(SpringApplication.java:864)
	at org.springframework.boot.SpringApplication.getExitCodeFromException(SpringApplication.java:852)
	at org.springframework.boot.SpringApplication.handleExitCode(SpringApplication.java:839)
	at org.springframework.boot.SpringApplication.handleRunFailure(SpringApplication.java:790)
	at org.springframework.boot.SpringApplication.run(SpringApplication.java:321)
	at org.springframework.boot.SpringApplication.run(SpringApplication.java:1213)
	at org.springframework.boot.SpringApplication.run(SpringApplication.java:1202)
	at com.company.project.CompanyProjectApplication.main(CompanyProjectApplication.java:19)
	at sun.reflect.NativeMethodAccessorImpl.invoke0(Native Method)
	at sun.reflect.NativeMethodAccessorImpl.invoke(NativeMethodAccessorImpl.java:62)
	at sun.reflect.DelegatingMethodAccessorImpl.invoke(DelegatingMethodAccessorImpl.java:43)
	at java.lang.reflect.Method.invoke(Method.java:498)
	at org.springframework.boot.devtools.restart.RestartLauncher.run(RestartLauncher.java:49)
Caused by: java.lang.ClassNotFoundException: com.company.project.controller.IndexController
	at java.net.URLClassLoader.findClass(URLClassLoader.java:382)
	at java.lang.ClassLoader.loadClass(ClassLoader.java:424)
	at sun.misc.Launcher$AppClassLoader.loadClass(Launcher.java:349)
	at java.lang.ClassLoader.loadClass(ClassLoader.java:357)
	at org.springframework.boot.devtools.restart.classloader.RestartClassLoader.loadClass(RestartClassLoader.java:144)
	at java.lang.ClassLoader.loadClass(ClassLoader.java:357)
	at java.lang.Class.forName0(Native Method)
	at java.lang.Class.forName(Class.java:348)
	at org.springframework.util.ClassUtils.forName(ClassUtils.java:275)
	at org.springframework.beans.factory.support.AbstractBeanDefinition.resolveBeanClass(AbstractBeanDefinition.java:444)
	at org.springframework.beans.factory.support.AbstractBeanFactory.doResolveBeanClass(AbstractBeanFactory.java:1457)
	at org.springframework.beans.factory.support.AbstractBeanFactory.resolveBeanClass(AbstractBeanFactory.java:1384)
	... 21 common frames omitted

2021-08-22 09:50:33.088  INFO 4816 --- [restartedMain] .e.DevToolsPropertyDefaultsPostProcessor : Devtools property defaults active! Set 'spring.devtools.add-properties' to 'false' to disable
2021-08-22 09:50:33.088  INFO 4816 --- [restartedMain] .e.DevToolsPropertyDefaultsPostProcessor : For additional web related logging consider setting the 'logging.level.web' property to 'DEBUG'
2021-08-22 09:50:33.113  INFO 4816 --- [restartedMain] c.c.project.CompanyProjectApplication    : Starting CompanyProjectApplication on DESKTOP-TIPNUSN with PID 4816 (C:\JetBrains\CodeSpace\springboot-manager\target\classes started by Surface-Go-Desk001 in C:\JetBrains\CodeSpace\springboot-manager)
2021-08-22 09:50:33.113  INFO 4816 --- [restartedMain] c.c.project.CompanyProjectApplication    : The following profiles are active: prod
2021-08-22 09:50:35.782  WARN 4816 --- [restartedMain] o.m.s.mapper.ClassPathMapperScanner      : No MyBatis mapper was found in '[com.company.project]' package. Please check your configuration.
2021-08-22 09:50:35.878  INFO 4816 --- [restartedMain] .s.d.r.c.RepositoryConfigurationDelegate : Multiple Spring Data modules found, entering strict repository configuration mode!
2021-08-22 09:50:35.878  INFO 4816 --- [restartedMain] .s.d.r.c.RepositoryConfigurationDelegate : Bootstrapping Spring Data repositories in DEFAULT mode.
2021-08-22 09:50:35.983  INFO 4816 --- [restartedMain] .s.d.r.c.RepositoryConfigurationDelegate : Finished Spring Data repository scanning in 104ms. Found 0 repository interfaces.
2021-08-22 09:50:36.331  INFO 4816 --- [restartedMain] trationDelegate$BeanPostProcessorChecker : Bean 'org.springframework.transaction.annotation.ProxyTransactionManagementConfiguration' of type [org.springframework.transaction.annotation.ProxyTransactionManagementConfiguration$$EnhancerBySpringCGLIB$$60fe3808] is not eligible for getting processed by all BeanPostProcessors (for example: not eligible for auto-proxying)
2021-08-22 09:50:36.413  INFO 4816 --- [restartedMain] trationDelegate$BeanPostProcessorChecker : Bean 'spring.datasource.dynamic-com.baomidou.dynamic.datasource.spring.boot.autoconfigure.DynamicDataSourceProperties' of type [com.baomidou.dynamic.datasource.spring.boot.autoconfigure.DynamicDataSourceProperties] is not eligible for getting processed by all BeanPostProcessors (for example: not eligible for auto-proxying)
2021-08-22 09:50:36.418  INFO 4816 --- [restartedMain] trationDelegate$BeanPostProcessorChecker : Bean 'com.baomidou.dynamic.datasource.spring.boot.autoconfigure.DynamicDataSourceAutoConfiguration' of type [com.baomidou.dynamic.datasource.spring.boot.autoconfigure.DynamicDataSourceAutoConfiguration$$EnhancerBySpringCGLIB$$ca8ca8d9] is not eligible for getting processed by all BeanPostProcessors (for example: not eligible for auto-proxying)
2021-08-22 09:50:36.426  INFO 4816 --- [restartedMain] trationDelegate$BeanPostProcessorChecker : Bean 'dsProcessor' of type [com.baomidou.dynamic.datasource.processor.DsHeaderProcessor] is not eligible for getting processed by all BeanPostProcessors (for example: not eligible for auto-proxying)
2021-08-22 09:50:36.429  INFO 4816 --- [restartedMain] trationDelegate$BeanPostProcessorChecker : Bean 'dynamicDatasourceAnnotationAdvisor' of type [com.baomidou.dynamic.datasource.aop.DynamicDataSourceAnnotationAdvisor] is not eligible for getting processed by all BeanPostProcessors (for example: not eligible for auto-proxying)
2021-08-22 09:50:36.437  INFO 4816 --- [restartedMain] trationDelegate$BeanPostProcessorChecker : Bean 'fileUploadProperties' of type [com.company.project.common.config.FileUploadProperties] is not eligible for getting processed by all BeanPostProcessors (for example: not eligible for auto-proxying)
2021-08-22 09:50:36.448  INFO 4816 --- [restartedMain] trationDelegate$BeanPostProcessorChecker : Bean 'shiroConfig' of type [com.company.project.common.shiro.ShiroConfig$$EnhancerBySpringCGLIB$$9d5f4733] is not eligible for getting processed by all BeanPostProcessors (for example: not eligible for auto-proxying)
2021-08-22 09:50:36.500  INFO 4816 --- [restartedMain] trationDelegate$BeanPostProcessorChecker : Bean 'customHashedCredentialsMatcher' of type [com.company.project.common.shiro.CustomHashedCredentialsMatcher] is not eligible for getting processed by all BeanPostProcessors (for example: not eligible for auto-proxying)
2021-08-22 09:50:36.571  INFO 4816 --- [restartedMain] trationDelegate$BeanPostProcessorChecker : Bean 'customRealm' of type [com.company.project.common.shiro.CustomRealm] is not eligible for getting processed by all BeanPostProcessors (for example: not eligible for auto-proxying)
2021-08-22 09:50:36.610  INFO 4816 --- [restartedMain] trationDelegate$BeanPostProcessorChecker : Bean 'securityManager' of type [org.apache.shiro.web.mgt.DefaultWebSecurityManager] is not eligible for getting processed by all BeanPostProcessors (for example: not eligible for auto-proxying)
2021-08-22 09:50:36.653  INFO 4816 --- [restartedMain] trationDelegate$BeanPostProcessorChecker : Bean 'authorizationAttributeSourceAdvisor' of type [org.apache.shiro.spring.security.interceptor.AuthorizationAttributeSourceAdvisor] is not eligible for getting processed by all BeanPostProcessors (for example: not eligible for auto-proxying)
2021-08-22 09:50:37.903  INFO 4816 --- [restartedMain] o.s.b.w.embedded.tomcat.TomcatWebServer  : Tomcat initialized with port(s): 8889 (http)
2021-08-22 09:50:37.905  INFO 4816 --- [restartedMain] o.apache.catalina.core.StandardService   : Starting service [Tomcat]
2021-08-22 09:50:37.906  INFO 4816 --- [restartedMain] org.apache.catalina.core.StandardEngine  : Starting Servlet engine: [Apache Tomcat/9.0.21]
2021-08-22 09:50:37.977  INFO 4816 --- [restartedMain] o.a.c.c.C.[Tomcat].[localhost].[/]       : Initializing Spring embedded WebApplicationContext
2021-08-22 09:50:37.978  INFO 4816 --- [restartedMain] o.s.web.context.ContextLoader            : Root WebApplicationContext: initialization completed in 4856 ms
2021-08-22 09:50:40.171  INFO 4816 --- [restartedMain] c.b.d.d.DynamicDataSourceCreator         : 动态数据源-检测到druid存在,如配置中未指定type,druid会默认配置
2021-08-22 09:50:40.212  INFO 4816 --- [restartedMain] com.alibaba.druid.pool.DruidDataSource   : {dataSource-10,master} inited
2021-08-22 09:50:40.212  WARN 4816 --- [restartedMain] c.a.druid.pool.DruidAbstractDataSource   : oracle.jdbc.driver.OracleDriver is deprecated.Having use oracle.jdbc.OracleDriver.
2021-08-22 09:50:40.221  INFO 4816 --- [restartedMain] com.alibaba.druid.pool.DruidDataSource   : {dataSource-11,oracle} inited
2021-08-22 09:50:40.229  INFO 4816 --- [restartedMain] com.alibaba.druid.pool.DruidDataSource   : {dataSource-12,sqlServer} inited
2021-08-22 09:50:40.229  INFO 4816 --- [restartedMain] c.b.d.d.DynamicRoutingDataSource         : 初始共加载 3 个数据源
2021-08-22 09:50:40.229  INFO 4816 --- [restartedMain] c.b.d.d.DynamicRoutingDataSource         : 动态数据源-加载 master 成功
2021-08-22 09:50:40.229  INFO 4816 --- [restartedMain] c.b.d.d.DynamicRoutingDataSource         : 动态数据源-加载 oracle 成功
2021-08-22 09:50:40.230  INFO 4816 --- [restartedMain] c.b.d.d.DynamicRoutingDataSource         : 动态数据源-加载 sqlServer 成功
2021-08-22 09:50:40.233  INFO 4816 --- [restartedMain] c.b.d.d.DynamicRoutingDataSource         : 当前的默认数据源是单数据源，数据源名为 master
2021-08-22 09:50:44.276  INFO 4816 --- [restartedMain] org.quartz.impl.StdSchedulerFactory      : Using default implementation for ThreadExecutor
2021-08-22 09:50:44.279  INFO 4816 --- [restartedMain] org.quartz.core.SchedulerSignalerImpl    : Initialized Scheduler Signaller of type: class org.quartz.core.SchedulerSignalerImpl
2021-08-22 09:50:44.279  INFO 4816 --- [restartedMain] org.quartz.core.QuartzScheduler          : Quartz Scheduler v.2.3.2 created.
2021-08-22 09:50:44.279  INFO 4816 --- [restartedMain] org.quartz.simpl.RAMJobStore             : RAMJobStore initialized.
2021-08-22 09:50:44.280  INFO 4816 --- [restartedMain] org.quartz.core.QuartzScheduler          : Scheduler meta-data: Quartz Scheduler (v2.3.2) 'quartzScheduler' with instanceId 'NON_CLUSTERED'
  Scheduler class: 'org.quartz.core.QuartzScheduler' - running locally.
  NOT STARTED.
  Currently in standby mode.
  Number of jobs executed: 0
  Using thread pool 'org.quartz.simpl.SimpleThreadPool' - with 10 threads.
  Using job-store 'org.quartz.simpl.RAMJobStore' - which does not support persistence. and is not clustered.

2021-08-22 09:50:44.280  INFO 4816 --- [restartedMain] org.quartz.impl.StdSchedulerFactory      : Quartz scheduler 'quartzScheduler' initialized from an externally provided properties instance.
2021-08-22 09:50:44.280  INFO 4816 --- [restartedMain] org.quartz.impl.StdSchedulerFactory      : Quartz scheduler version: 2.3.2
2021-08-22 09:50:44.281  INFO 4816 --- [restartedMain] org.quartz.core.QuartzScheduler          : JobFactory set to: org.springframework.scheduling.quartz.SpringBeanJobFactory@24aba18f
2021-08-22 09:50:47.693  INFO 4816 --- [restartedMain] pertySourcedRequestMappingHandlerMapping : Mapped URL path [/v2/api-docs] onto method [public org.springframework.http.ResponseEntity<springfox.documentation.spring.web.json.Json> springfox.documentation.swagger2.web.Swagger2Controller.getDocumentation(java.lang.String,javax.servlet.http.HttpServletRequest)]
2021-08-22 09:50:48.305  INFO 4816 --- [restartedMain] o.s.b.d.a.OptionalLiveReloadServer       : LiveReload server is running on port 35729
2021-08-22 09:50:50.686  INFO 4816 --- [restartedMain] d.s.w.p.DocumentationPluginsBootstrapper : Context refreshed
2021-08-22 09:50:50.688  INFO 4816 --- [restartedMain] d.s.w.p.DocumentationPluginsBootstrapper : Found 1 custom documentation plugin(s)
2021-08-22 09:50:50.713  INFO 4816 --- [restartedMain] s.d.s.w.s.ApiListingReferenceScanner     : Scanning for api listing references
2021-08-22 09:50:50.719  INFO 4816 --- [restartedMain] o.s.s.quartz.SchedulerFactoryBean        : Starting Quartz Scheduler now
2021-08-22 09:50:50.719  INFO 4816 --- [restartedMain] org.quartz.core.QuartzScheduler          : Scheduler quartzScheduler_$_NON_CLUSTERED started.
2021-08-22 09:50:50.733  INFO 4816 --- [restartedMain] o.s.b.w.embedded.tomcat.TomcatWebServer  : Tomcat started on port(s): 8889 (http) with context path ''
2021-08-22 09:50:50.734  INFO 4816 --- [restartedMain] c.c.project.CompanyProjectApplication    : Started CompanyProjectApplication in 17.785 seconds (JVM running for 42896.562)
2021-08-22 09:50:50.741  INFO 4816 --- [restartedMain] .ConditionEvaluationDeltaLoggingListener : Condition evaluation unchanged
2021-08-22 09:50:50.743  INFO 4816 --- [restartedMain] c.c.project.CompanyProjectApplication    : 
----------------------------------------------------------
	Application 'ServicePlatform' is running! Access URLs:
	Login: 	http://192.168.2.3:8889/login
	Doc: 	http://192.168.2.3:8889/doc.html
----------------------------------------------------------
2021-08-22 09:51:17.273  INFO 4816 --- [Thread-67] org.quartz.core.QuartzScheduler          : Scheduler quartzScheduler_$_NON_CLUSTERED paused.
2021-08-22 09:51:17.277  INFO 4816 --- [Thread-67] o.s.s.quartz.SchedulerFactoryBean        : Shutting down Quartz Scheduler
2021-08-22 09:51:17.277  INFO 4816 --- [Thread-67] org.quartz.core.QuartzScheduler          : Scheduler quartzScheduler_$_NON_CLUSTERED shutting down.
2021-08-22 09:51:17.277  INFO 4816 --- [Thread-67] org.quartz.core.QuartzScheduler          : Scheduler quartzScheduler_$_NON_CLUSTERED paused.
2021-08-22 09:51:17.277  INFO 4816 --- [Thread-67] org.quartz.core.QuartzScheduler          : Scheduler quartzScheduler_$_NON_CLUSTERED shutdown complete.
2021-08-22 09:51:17.278  INFO 4816 --- [Thread-67] c.b.d.d.DynamicRoutingDataSource         : closing dynamicDatasource  ing....
2021-08-22 09:51:17.323  INFO 4816 --- [Thread-67] com.alibaba.druid.pool.DruidDataSource   : {dataSource-10} closed
2021-08-22 09:51:17.325  INFO 4816 --- [Thread-67] com.alibaba.druid.pool.DruidDataSource   : {dataSource-11} closed
2021-08-22 09:51:17.326  INFO 4816 --- [Thread-67] com.alibaba.druid.pool.DruidDataSource   : {dataSource-12} closed
2021-08-22 09:51:21.542  INFO 4816 --- [restartedMain] c.c.project.CompanyProjectApplication    : Starting CompanyProjectApplication on DESKTOP-TIPNUSN with PID 4816 (C:\JetBrains\CodeSpace\springboot-manager\target\classes started by Surface-Go-Desk001 in C:\JetBrains\CodeSpace\springboot-manager)
2021-08-22 09:51:21.543  INFO 4816 --- [restartedMain] c.c.project.CompanyProjectApplication    : The following profiles are active: prod
2021-08-22 09:51:59.205  INFO 7576 --- [restartedMain] c.c.project.CompanyProjectApplication    : Starting CompanyProjectApplication on DESKTOP-TIPNUSN with PID 7576 (C:\JetBrains\CodeSpace\springboot-manager\target\classes started by Surface-Go-Desk001 in C:\JetBrains\CodeSpace\springboot-manager)
2021-08-22 09:51:59.212  INFO 7576 --- [restartedMain] c.c.project.CompanyProjectApplication    : The following profiles are active: prod
2021-08-22 09:51:59.515  INFO 7576 --- [restartedMain] .e.DevToolsPropertyDefaultsPostProcessor : Devtools property defaults active! Set 'spring.devtools.add-properties' to 'false' to disable
2021-08-22 09:51:59.516  INFO 7576 --- [restartedMain] .e.DevToolsPropertyDefaultsPostProcessor : For additional web related logging consider setting the 'logging.level.web' property to 'DEBUG'
2021-08-22 09:52:10.182  WARN 7576 --- [restartedMain] o.m.s.mapper.ClassPathMapperScanner      : No MyBatis mapper was found in '[com.company.project]' package. Please check your configuration.
2021-08-22 09:52:10.581  INFO 7576 --- [restartedMain] .s.d.r.c.RepositoryConfigurationDelegate : Multiple Spring Data modules found, entering strict repository configuration mode!
2021-08-22 09:52:10.591  INFO 7576 --- [restartedMain] .s.d.r.c.RepositoryConfigurationDelegate : Bootstrapping Spring Data repositories in DEFAULT mode.
2021-08-22 09:52:11.396  INFO 7576 --- [restartedMain] .s.d.r.c.RepositoryConfigurationDelegate : Finished Spring Data repository scanning in 711ms. Found 0 repository interfaces.
2021-08-22 09:52:14.919  INFO 7576 --- [restartedMain] trationDelegate$BeanPostProcessorChecker : Bean 'org.springframework.transaction.annotation.ProxyTransactionManagementConfiguration' of type [org.springframework.transaction.annotation.ProxyTransactionManagementConfiguration$$EnhancerBySpringCGLIB$$a3cc846a] is not eligible for getting processed by all BeanPostProcessors (for example: not eligible for auto-proxying)
2021-08-22 09:52:16.103  INFO 7576 --- [restartedMain] trationDelegate$BeanPostProcessorChecker : Bean 'spring.datasource.dynamic-com.baomidou.dynamic.datasource.spring.boot.autoconfigure.DynamicDataSourceProperties' of type [com.baomidou.dynamic.datasource.spring.boot.autoconfigure.DynamicDataSourceProperties] is not eligible for getting processed by all BeanPostProcessors (for example: not eligible for auto-proxying)
2021-08-22 09:52:16.117  INFO 7576 --- [restartedMain] trationDelegate$BeanPostProcessorChecker : Bean 'com.baomidou.dynamic.datasource.spring.boot.autoconfigure.DynamicDataSourceAutoConfiguration' of type [com.baomidou.dynamic.datasource.spring.boot.autoconfigure.DynamicDataSourceAutoConfiguration$$EnhancerBySpringCGLIB$$d5af53b] is not eligible for getting processed by all BeanPostProcessors (for example: not eligible for auto-proxying)
2021-08-22 09:52:16.161  INFO 7576 --- [restartedMain] trationDelegate$BeanPostProcessorChecker : Bean 'dsProcessor' of type [com.baomidou.dynamic.datasource.processor.DsHeaderProcessor] is not eligible for getting processed by all BeanPostProcessors (for example: not eligible for auto-proxying)
2021-08-22 09:52:16.198  INFO 7576 --- [restartedMain] trationDelegate$BeanPostProcessorChecker : Bean 'dynamicDatasourceAnnotationAdvisor' of type [com.baomidou.dynamic.datasource.aop.DynamicDataSourceAnnotationAdvisor] is not eligible for getting processed by all BeanPostProcessors (for example: not eligible for auto-proxying)
2021-08-22 09:52:16.214  INFO 7576 --- [restartedMain] trationDelegate$BeanPostProcessorChecker : Bean 'fileUploadProperties' of type [com.company.project.common.config.FileUploadProperties] is not eligible for getting processed by all BeanPostProcessors (for example: not eligible for auto-proxying)
2021-08-22 09:52:16.223  INFO 7576 --- [restartedMain] trationDelegate$BeanPostProcessorChecker : Bean 'shiroConfig' of type [com.company.project.common.shiro.ShiroConfig$$EnhancerBySpringCGLIB$$e02d9395] is not eligible for getting processed by all BeanPostProcessors (for example: not eligible for auto-proxying)
2021-08-22 09:52:20.761  INFO 7576 --- [restartedMain] trationDelegate$BeanPostProcessorChecker : Bean 'customHashedCredentialsMatcher' of type [com.company.project.common.shiro.CustomHashedCredentialsMatcher] is not eligible for getting processed by all BeanPostProcessors (for example: not eligible for auto-proxying)
2021-08-22 09:52:20.911  INFO 7576 --- [restartedMain] trationDelegate$BeanPostProcessorChecker : Bean 'customRealm' of type [com.company.project.common.shiro.CustomRealm] is not eligible for getting processed by all BeanPostProcessors (for example: not eligible for auto-proxying)
2021-08-22 09:52:21.026  INFO 7576 --- [restartedMain] trationDelegate$BeanPostProcessorChecker : Bean 'securityManager' of type [org.apache.shiro.web.mgt.DefaultWebSecurityManager] is not eligible for getting processed by all BeanPostProcessors (for example: not eligible for auto-proxying)
2021-08-22 09:52:21.175  INFO 7576 --- [restartedMain] trationDelegate$BeanPostProcessorChecker : Bean 'authorizationAttributeSourceAdvisor' of type [org.apache.shiro.spring.security.interceptor.AuthorizationAttributeSourceAdvisor] is not eligible for getting processed by all BeanPostProcessors (for example: not eligible for auto-proxying)
2021-08-22 09:52:22.949  INFO 7576 --- [restartedMain] o.s.b.w.embedded.tomcat.TomcatWebServer  : Tomcat initialized with port(s): 8889 (http)
2021-08-22 09:52:23.034  INFO 7576 --- [restartedMain] o.apache.catalina.core.StandardService   : Starting service [Tomcat]
2021-08-22 09:52:23.035  INFO 7576 --- [restartedMain] org.apache.catalina.core.StandardEngine  : Starting Servlet engine: [Apache Tomcat/9.0.21]
2021-08-22 09:52:23.526  INFO 7576 --- [restartedMain] o.a.c.c.C.[Tomcat].[localhost].[/]       : Initializing Spring embedded WebApplicationContext
2021-08-22 09:52:23.526  INFO 7576 --- [restartedMain] o.s.web.context.ContextLoader            : Root WebApplicationContext: initialization completed in 24010 ms
2021-08-22 09:52:25.746  INFO 7576 --- [restartedMain] c.b.d.d.DynamicDataSourceCreator         : 动态数据源-检测到druid存在,如配置中未指定type,druid会默认配置
2021-08-22 09:52:26.183  INFO 7576 --- [restartedMain] com.alibaba.druid.pool.DruidDataSource   : {dataSource-1,master} inited
2021-08-22 09:52:26.184  WARN 7576 --- [restartedMain] c.a.druid.pool.DruidAbstractDataSource   : oracle.jdbc.driver.OracleDriver is deprecated.Having use oracle.jdbc.OracleDriver.
2021-08-22 09:52:26.201  INFO 7576 --- [restartedMain] com.alibaba.druid.pool.DruidDataSource   : {dataSource-2,oracle} inited
2021-08-22 09:52:26.208  INFO 7576 --- [restartedMain] com.alibaba.druid.pool.DruidDataSource   : {dataSource-3,sqlServer} inited
2021-08-22 09:52:26.208  INFO 7576 --- [restartedMain] c.b.d.d.DynamicRoutingDataSource         : 初始共加载 3 个数据源
2021-08-22 09:52:26.209  INFO 7576 --- [restartedMain] c.b.d.d.DynamicRoutingDataSource         : 动态数据源-加载 master 成功
2021-08-22 09:52:26.209  INFO 7576 --- [restartedMain] c.b.d.d.DynamicRoutingDataSource         : 动态数据源-加载 oracle 成功
2021-08-22 09:52:26.209  INFO 7576 --- [restartedMain] c.b.d.d.DynamicRoutingDataSource         : 动态数据源-加载 sqlServer 成功
2021-08-22 09:52:26.210  INFO 7576 --- [restartedMain] c.b.d.d.DynamicRoutingDataSource         : 当前的默认数据源是单数据源，数据源名为 master
2021-08-22 09:52:33.705  INFO 7576 --- [restartedMain] org.quartz.impl.StdSchedulerFactory      : Using default implementation for ThreadExecutor
2021-08-22 09:52:33.807  INFO 7576 --- [restartedMain] org.quartz.core.SchedulerSignalerImpl    : Initialized Scheduler Signaller of type: class org.quartz.core.SchedulerSignalerImpl
2021-08-22 09:52:33.809  INFO 7576 --- [restartedMain] org.quartz.core.QuartzScheduler          : Quartz Scheduler v.2.3.2 created.
2021-08-22 09:52:33.825  INFO 7576 --- [restartedMain] org.quartz.simpl.RAMJobStore             : RAMJobStore initialized.
2021-08-22 09:52:33.831  INFO 7576 --- [restartedMain] org.quartz.core.QuartzScheduler          : Scheduler meta-data: Quartz Scheduler (v2.3.2) 'quartzScheduler' with instanceId 'NON_CLUSTERED'
  Scheduler class: 'org.quartz.core.QuartzScheduler' - running locally.
  NOT STARTED.
  Currently in standby mode.
  Number of jobs executed: 0
  Using thread pool 'org.quartz.simpl.SimpleThreadPool' - with 10 threads.
  Using job-store 'org.quartz.simpl.RAMJobStore' - which does not support persistence. and is not clustered.

2021-08-22 09:52:33.832  INFO 7576 --- [restartedMain] org.quartz.impl.StdSchedulerFactory      : Quartz scheduler 'quartzScheduler' initialized from an externally provided properties instance.
2021-08-22 09:52:33.833  INFO 7576 --- [restartedMain] org.quartz.impl.StdSchedulerFactory      : Quartz scheduler version: 2.3.2
2021-08-22 09:52:33.835  INFO 7576 --- [restartedMain] org.quartz.core.QuartzScheduler          : JobFactory set to: org.springframework.scheduling.quartz.SpringBeanJobFactory@6b268286
2021-08-22 09:52:37.915  INFO 7576 --- [restartedMain] pertySourcedRequestMappingHandlerMapping : Mapped URL path [/v2/api-docs] onto method [public org.springframework.http.ResponseEntity<springfox.documentation.spring.web.json.Json> springfox.documentation.swagger2.web.Swagger2Controller.getDocumentation(java.lang.String,javax.servlet.http.HttpServletRequest)]
2021-08-22 09:52:39.623  INFO 7576 --- [restartedMain] o.s.b.d.a.OptionalLiveReloadServer       : LiveReload server is running on port 35729
2021-08-22 09:52:43.045  INFO 7576 --- [restartedMain] d.s.w.p.DocumentationPluginsBootstrapper : Context refreshed
2021-08-22 09:52:43.127  INFO 7576 --- [restartedMain] d.s.w.p.DocumentationPluginsBootstrapper : Found 1 custom documentation plugin(s)
2021-08-22 09:52:43.339  INFO 7576 --- [restartedMain] s.d.s.w.s.ApiListingReferenceScanner     : Scanning for api listing references
2021-08-22 09:52:43.404  INFO 7576 --- [restartedMain] o.s.s.quartz.SchedulerFactoryBean        : Starting Quartz Scheduler now
2021-08-22 09:52:43.405  INFO 7576 --- [restartedMain] org.quartz.core.QuartzScheduler          : Scheduler quartzScheduler_$_NON_CLUSTERED started.
2021-08-22 09:52:43.526  INFO 7576 --- [restartedMain] o.s.b.w.embedded.tomcat.TomcatWebServer  : Tomcat started on port(s): 8889 (http) with context path ''
2021-08-22 09:52:43.536  INFO 7576 --- [restartedMain] c.c.project.CompanyProjectApplication    : Started CompanyProjectApplication in 48.306 seconds (JVM running for 52.87)
2021-08-22 09:52:43.554  INFO 7576 --- [restartedMain] c.c.project.CompanyProjectApplication    : 
----------------------------------------------------------
	Application 'ServicePlatform' is running! Access URLs:
	Login: 	http://192.168.2.3:8889/login
	Doc: 	http://192.168.2.3:8889/doc.html
----------------------------------------------------------
2021-08-22 09:52:43.868  INFO 7576 --- [http-nio-8889-exec-1] o.a.c.c.C.[Tomcat].[localhost].[/]       : Initializing Spring DispatcherServlet 'dispatcherServlet'
2021-08-22 09:52:43.869  INFO 7576 --- [http-nio-8889-exec-1] o.s.web.servlet.DispatcherServlet        : Initializing Servlet 'dispatcherServlet'
2021-08-22 09:52:43.932  INFO 7576 --- [http-nio-8889-exec-1] o.s.web.servlet.DispatcherServlet        : Completed initialization in 62 ms
2021-08-22 09:52:44.006  INFO 7576 --- [http-nio-8889-exec-1] c.c.p.c.shiro.CustomAccessControlFilter  : GET
2021-08-22 09:52:44.008  INFO 7576 --- [http-nio-8889-exec-1] c.c.p.c.shiro.CustomAccessControlFilter  : http://192.168.2.3:8889/login
2021-08-22 09:52:45.149  INFO 7576 --- [http-nio-8889-exec-2] c.c.p.c.shiro.CustomAccessControlFilter  : GET
2021-08-22 09:52:45.150  INFO 7576 --- [http-nio-8889-exec-2] c.c.p.c.shiro.CustomAccessControlFilter  : http://192.168.2.3:8889/06.png
2021-08-22 09:53:10.830  INFO 7576 --- [http-nio-8889-exec-4] c.c.p.c.shiro.CustomAccessControlFilter  : GET
2021-08-22 09:53:10.831  INFO 7576 --- [http-nio-8889-exec-4] c.c.p.c.shiro.CustomAccessControlFilter  : http://192.168.2.3:8889/login
2021-08-22 09:53:10.962  INFO 7576 --- [http-nio-8889-exec-5] c.c.p.c.shiro.CustomAccessControlFilter  : GET
2021-08-22 09:53:10.962  INFO 7576 --- [http-nio-8889-exec-5] c.c.p.c.shiro.CustomAccessControlFilter  : http://192.168.2.3:8889/06.png
2021-08-22 09:53:11.776  INFO 7576 --- [http-nio-8889-exec-6] c.c.p.c.shiro.CustomAccessControlFilter  : GET
2021-08-22 09:53:11.777  INFO 7576 --- [http-nio-8889-exec-6] c.c.p.c.shiro.CustomAccessControlFilter  : http://192.168.2.3:8889/login
2021-08-22 09:53:11.876  INFO 7576 --- [http-nio-8889-exec-7] c.c.p.c.shiro.CustomAccessControlFilter  : GET
2021-08-22 09:53:11.876  INFO 7576 --- [http-nio-8889-exec-7] c.c.p.c.shiro.CustomAccessControlFilter  : http://192.168.2.3:8889/06.png
2021-08-22 09:53:12.206  INFO 7576 --- [http-nio-8889-exec-8] c.c.p.c.shiro.CustomAccessControlFilter  : GET
2021-08-22 09:53:12.207  INFO 7576 --- [http-nio-8889-exec-8] c.c.p.c.shiro.CustomAccessControlFilter  : http://192.168.2.3:8889/login
2021-08-22 09:53:12.286  INFO 7576 --- [http-nio-8889-exec-9] c.c.p.c.shiro.CustomAccessControlFilter  : GET
2021-08-22 09:53:12.287  INFO 7576 --- [http-nio-8889-exec-9] c.c.p.c.shiro.CustomAccessControlFilter  : http://192.168.2.3:8889/06.png
2021-08-22 09:53:12.566  INFO 7576 --- [http-nio-8889-exec-10] c.c.p.c.shiro.CustomAccessControlFilter  : GET
2021-08-22 09:53:12.567  INFO 7576 --- [http-nio-8889-exec-10] c.c.p.c.shiro.CustomAccessControlFilter  : http://192.168.2.3:8889/login
2021-08-22 09:53:12.638  INFO 7576 --- [http-nio-8889-exec-1] c.c.p.c.shiro.CustomAccessControlFilter  : GET
2021-08-22 09:53:12.638  INFO 7576 --- [http-nio-8889-exec-1] c.c.p.c.shiro.CustomAccessControlFilter  : http://192.168.2.3:8889/06.png
2021-08-22 09:53:32.893  INFO 7576 --- [Thread-74] org.quartz.core.QuartzScheduler          : Scheduler quartzScheduler_$_NON_CLUSTERED paused.
2021-08-22 09:53:32.903  INFO 7576 --- [Thread-74] o.s.s.quartz.SchedulerFactoryBean        : Shutting down Quartz Scheduler
2021-08-22 09:53:32.903  INFO 7576 --- [Thread-74] org.quartz.core.QuartzScheduler          : Scheduler quartzScheduler_$_NON_CLUSTERED shutting down.
2021-08-22 09:53:32.904  INFO 7576 --- [Thread-74] org.quartz.core.QuartzScheduler          : Scheduler quartzScheduler_$_NON_CLUSTERED paused.
2021-08-22 09:53:32.905  INFO 7576 --- [Thread-74] org.quartz.core.QuartzScheduler          : Scheduler quartzScheduler_$_NON_CLUSTERED shutdown complete.
2021-08-22 09:53:32.912  INFO 7576 --- [Thread-74] c.b.d.d.DynamicRoutingDataSource         : closing dynamicDatasource  ing....
2021-08-22 09:53:32.944  INFO 7576 --- [Thread-74] com.alibaba.druid.pool.DruidDataSource   : {dataSource-1} closed
2021-08-22 09:53:32.946  INFO 7576 --- [Thread-74] com.alibaba.druid.pool.DruidDataSource   : {dataSource-2} closed
2021-08-22 09:53:32.948  INFO 7576 --- [Thread-74] com.alibaba.druid.pool.DruidDataSource   : {dataSource-3} closed
2021-08-22 09:53:34.733  INFO 7576 --- [restartedMain] c.c.project.CompanyProjectApplication    : Starting CompanyProjectApplication on DESKTOP-TIPNUSN with PID 7576 (C:\JetBrains\CodeSpace\springboot-manager\target\classes started by Surface-Go-Desk001 in C:\JetBrains\CodeSpace\springboot-manager)
2021-08-22 09:53:34.733  INFO 7576 --- [restartedMain] c.c.project.CompanyProjectApplication    : The following profiles are active: prod
2021-08-22 09:53:37.764  WARN 7576 --- [restartedMain] o.m.s.mapper.ClassPathMapperScanner      : No MyBatis mapper was found in '[com.company.project]' package. Please check your configuration.
2021-08-22 09:53:37.825  INFO 7576 --- [restartedMain] .s.d.r.c.RepositoryConfigurationDelegate : Multiple Spring Data modules found, entering strict repository configuration mode!
2021-08-22 09:53:37.825  INFO 7576 --- [restartedMain] .s.d.r.c.RepositoryConfigurationDelegate : Bootstrapping Spring Data repositories in DEFAULT mode.
2021-08-22 09:53:37.975  INFO 7576 --- [restartedMain] .s.d.r.c.RepositoryConfigurationDelegate : Finished Spring Data repository scanning in 149ms. Found 0 repository interfaces.
2021-08-22 09:53:38.637  INFO 7576 --- [restartedMain] trationDelegate$BeanPostProcessorChecker : Bean 'org.springframework.transaction.annotation.ProxyTransactionManagementConfiguration' of type [org.springframework.transaction.annotation.ProxyTransactionManagementConfiguration$$EnhancerBySpringCGLIB$$a3cc846a] is not eligible for getting processed by all BeanPostProcessors (for example: not eligible for auto-proxying)
2021-08-22 09:53:38.725  INFO 7576 --- [restartedMain] trationDelegate$BeanPostProcessorChecker : Bean 'spring.datasource.dynamic-com.baomidou.dynamic.datasource.spring.boot.autoconfigure.DynamicDataSourceProperties' of type [com.baomidou.dynamic.datasource.spring.boot.autoconfigure.DynamicDataSourceProperties] is not eligible for getting processed by all BeanPostProcessors (for example: not eligible for auto-proxying)
2021-08-22 09:53:38.729  INFO 7576 --- [restartedMain] trationDelegate$BeanPostProcessorChecker : Bean 'com.baomidou.dynamic.datasource.spring.boot.autoconfigure.DynamicDataSourceAutoConfiguration' of type [com.baomidou.dynamic.datasource.spring.boot.autoconfigure.DynamicDataSourceAutoConfiguration$$EnhancerBySpringCGLIB$$d5af53b] is not eligible for getting processed by all BeanPostProcessors (for example: not eligible for auto-proxying)
2021-08-22 09:53:38.738  INFO 7576 --- [restartedMain] trationDelegate$BeanPostProcessorChecker : Bean 'dsProcessor' of type [com.baomidou.dynamic.datasource.processor.DsHeaderProcessor] is not eligible for getting processed by all BeanPostProcessors (for example: not eligible for auto-proxying)
2021-08-22 09:53:38.741  INFO 7576 --- [restartedMain] trationDelegate$BeanPostProcessorChecker : Bean 'dynamicDatasourceAnnotationAdvisor' of type [com.baomidou.dynamic.datasource.aop.DynamicDataSourceAnnotationAdvisor] is not eligible for getting processed by all BeanPostProcessors (for example: not eligible for auto-proxying)
2021-08-22 09:53:38.753  INFO 7576 --- [restartedMain] trationDelegate$BeanPostProcessorChecker : Bean 'fileUploadProperties' of type [com.company.project.common.config.FileUploadProperties] is not eligible for getting processed by all BeanPostProcessors (for example: not eligible for auto-proxying)
2021-08-22 09:53:38.755  INFO 7576 --- [restartedMain] trationDelegate$BeanPostProcessorChecker : Bean 'shiroConfig' of type [com.company.project.common.shiro.ShiroConfig$$EnhancerBySpringCGLIB$$e02d9395] is not eligible for getting processed by all BeanPostProcessors (for example: not eligible for auto-proxying)
2021-08-22 09:53:38.786  INFO 7576 --- [restartedMain] trationDelegate$BeanPostProcessorChecker : Bean 'customHashedCredentialsMatcher' of type [com.company.project.common.shiro.CustomHashedCredentialsMatcher] is not eligible for getting processed by all BeanPostProcessors (for example: not eligible for auto-proxying)
2021-08-22 09:53:38.864  INFO 7576 --- [restartedMain] trationDelegate$BeanPostProcessorChecker : Bean 'customRealm' of type [com.company.project.common.shiro.CustomRealm] is not eligible for getting processed by all BeanPostProcessors (for example: not eligible for auto-proxying)
2021-08-22 09:53:38.920  INFO 7576 --- [restartedMain] trationDelegate$BeanPostProcessorChecker : Bean 'securityManager' of type [org.apache.shiro.web.mgt.DefaultWebSecurityManager] is not eligible for getting processed by all BeanPostProcessors (for example: not eligible for auto-proxying)
2021-08-22 09:53:38.998  INFO 7576 --- [restartedMain] trationDelegate$BeanPostProcessorChecker : Bean 'authorizationAttributeSourceAdvisor' of type [org.apache.shiro.spring.security.interceptor.AuthorizationAttributeSourceAdvisor] is not eligible for getting processed by all BeanPostProcessors (for example: not eligible for auto-proxying)
2021-08-22 09:53:39.915  INFO 7576 --- [restartedMain] o.s.b.w.embedded.tomcat.TomcatWebServer  : Tomcat initialized with port(s): 8889 (http)
2021-08-22 09:53:39.921  INFO 7576 --- [restartedMain] o.apache.catalina.core.StandardService   : Starting service [Tomcat]
2021-08-22 09:53:39.922  INFO 7576 --- [restartedMain] org.apache.catalina.core.StandardEngine  : Starting Servlet engine: [Apache Tomcat/9.0.21]
2021-08-22 09:53:40.035  INFO 7576 --- [restartedMain] o.a.c.c.C.[Tomcat].[localhost].[/]       : Initializing Spring embedded WebApplicationContext
2021-08-22 09:53:40.035  INFO 7576 --- [restartedMain] o.s.web.context.ContextLoader            : Root WebApplicationContext: initialization completed in 5292 ms
2021-08-22 09:53:40.717  INFO 7576 --- [restartedMain] c.b.d.d.DynamicDataSourceCreator         : 动态数据源-检测到druid存在,如配置中未指定type,druid会默认配置
2021-08-22 09:53:40.743  INFO 7576 --- [restartedMain] com.alibaba.druid.pool.DruidDataSource   : {dataSource-4,master} inited
2021-08-22 09:53:40.744  WARN 7576 --- [restartedMain] c.a.druid.pool.DruidAbstractDataSource   : oracle.jdbc.driver.OracleDriver is deprecated.Having use oracle.jdbc.OracleDriver.
2021-08-22 09:53:40.756  INFO 7576 --- [restartedMain] com.alibaba.druid.pool.DruidDataSource   : {dataSource-5,oracle} inited
2021-08-22 09:53:40.761  INFO 7576 --- [restartedMain] com.alibaba.druid.pool.DruidDataSource   : {dataSource-6,sqlServer} inited
2021-08-22 09:53:40.761  INFO 7576 --- [restartedMain] c.b.d.d.DynamicRoutingDataSource         : 初始共加载 3 个数据源
2021-08-22 09:53:40.761  INFO 7576 --- [restartedMain] c.b.d.d.DynamicRoutingDataSource         : 动态数据源-加载 master 成功
2021-08-22 09:53:40.762  INFO 7576 --- [restartedMain] c.b.d.d.DynamicRoutingDataSource         : 动态数据源-加载 oracle 成功
2021-08-22 09:53:40.762  INFO 7576 --- [restartedMain] c.b.d.d.DynamicRoutingDataSource         : 动态数据源-加载 sqlServer 成功
2021-08-22 09:53:40.762  INFO 7576 --- [restartedMain] c.b.d.d.DynamicRoutingDataSource         : 当前的默认数据源是单数据源，数据源名为 master
2021-08-22 09:53:45.410  INFO 7576 --- [restartedMain] org.quartz.impl.StdSchedulerFactory      : Using default implementation for ThreadExecutor
2021-08-22 09:53:45.412  INFO 7576 --- [restartedMain] org.quartz.core.SchedulerSignalerImpl    : Initialized Scheduler Signaller of type: class org.quartz.core.SchedulerSignalerImpl
2021-08-22 09:53:45.412  INFO 7576 --- [restartedMain] org.quartz.core.QuartzScheduler          : Quartz Scheduler v.2.3.2 created.
2021-08-22 09:53:45.413  INFO 7576 --- [restartedMain] org.quartz.simpl.RAMJobStore             : RAMJobStore initialized.
2021-08-22 09:53:45.413  INFO 7576 --- [restartedMain] org.quartz.core.QuartzScheduler          : Scheduler meta-data: Quartz Scheduler (v2.3.2) 'quartzScheduler' with instanceId 'NON_CLUSTERED'
  Scheduler class: 'org.quartz.core.QuartzScheduler' - running locally.
  NOT STARTED.
  Currently in standby mode.
  Number of jobs executed: 0
  Using thread pool 'org.quartz.simpl.SimpleThreadPool' - with 10 threads.
  Using job-store 'org.quartz.simpl.RAMJobStore' - which does not support persistence. and is not clustered.

2021-08-22 09:53:45.413  INFO 7576 --- [restartedMain] org.quartz.impl.StdSchedulerFactory      : Quartz scheduler 'quartzScheduler' initialized from an externally provided properties instance.
2021-08-22 09:53:45.413  INFO 7576 --- [restartedMain] org.quartz.impl.StdSchedulerFactory      : Quartz scheduler version: 2.3.2
2021-08-22 09:53:45.413  INFO 7576 --- [restartedMain] org.quartz.core.QuartzScheduler          : JobFactory set to: org.springframework.scheduling.quartz.SpringBeanJobFactory@44aa6bd8
2021-08-22 09:53:47.698  INFO 7576 --- [restartedMain] pertySourcedRequestMappingHandlerMapping : Mapped URL path [/v2/api-docs] onto method [public org.springframework.http.ResponseEntity<springfox.documentation.spring.web.json.Json> springfox.documentation.swagger2.web.Swagger2Controller.getDocumentation(java.lang.String,javax.servlet.http.HttpServletRequest)]
2021-08-22 09:53:48.075  INFO 7576 --- [restartedMain] o.s.b.d.a.OptionalLiveReloadServer       : LiveReload server is running on port 35729
2021-08-22 09:53:50.059  INFO 7576 --- [restartedMain] d.s.w.p.DocumentationPluginsBootstrapper : Context refreshed
2021-08-22 09:53:50.063  INFO 7576 --- [restartedMain] d.s.w.p.DocumentationPluginsBootstrapper : Found 1 custom documentation plugin(s)
2021-08-22 09:53:50.113  INFO 7576 --- [restartedMain] s.d.s.w.s.ApiListingReferenceScanner     : Scanning for api listing references
2021-08-22 09:53:50.121  INFO 7576 --- [restartedMain] o.s.s.quartz.SchedulerFactoryBean        : Starting Quartz Scheduler now
2021-08-22 09:53:50.122  INFO 7576 --- [restartedMain] org.quartz.core.QuartzScheduler          : Scheduler quartzScheduler_$_NON_CLUSTERED started.
2021-08-22 09:53:50.146  INFO 7576 --- [restartedMain] o.s.b.w.embedded.tomcat.TomcatWebServer  : Tomcat started on port(s): 8889 (http) with context path ''
2021-08-22 09:53:50.148  INFO 7576 --- [restartedMain] c.c.project.CompanyProjectApplication    : Started CompanyProjectApplication in 15.63 seconds (JVM running for 119.483)
2021-08-22 09:53:50.161  INFO 7576 --- [restartedMain] .ConditionEvaluationDeltaLoggingListener : Condition evaluation unchanged
2021-08-22 09:53:50.164  INFO 7576 --- [restartedMain] c.c.project.CompanyProjectApplication    : 
----------------------------------------------------------
	Application 'ServicePlatform' is running! Access URLs:
	Login: 	http://192.168.2.3:8889/login
	Doc: 	http://192.168.2.3:8889/doc.html
----------------------------------------------------------
2021-08-22 09:53:50.409  INFO 7576 --- [http-nio-8889-exec-1] o.a.c.c.C.[Tomcat].[localhost].[/]       : Initializing Spring DispatcherServlet 'dispatcherServlet'
2021-08-22 09:53:50.410  INFO 7576 --- [http-nio-8889-exec-1] o.s.web.servlet.DispatcherServlet        : Initializing Servlet 'dispatcherServlet'
2021-08-22 09:53:50.439  INFO 7576 --- [http-nio-8889-exec-1] o.s.web.servlet.DispatcherServlet        : Completed initialization in 29 ms
2021-08-22 09:53:50.443  INFO 7576 --- [http-nio-8889-exec-1] c.c.p.c.shiro.CustomAccessControlFilter  : GET
2021-08-22 09:53:50.444  INFO 7576 --- [http-nio-8889-exec-1] c.c.p.c.shiro.CustomAccessControlFilter  : http://192.168.2.3:8889/login
